[ERROR] PropertyUtils - Exception during introspection <java.beans.IntrospectionException: TestException>java.beans.IntrospectionException: TestException
	at org.apache.commons.beanutils.PropertyUtilsTestCase$2.introspect(PropertyUtilsTestCase.java:4521)
	at org.apache.commons.beanutils.PropertyUtilsBean.fetchIntrospectionData(PropertyUtilsBean.java:2245)
	at org.apache.commons.beanutils.PropertyUtilsBean.getIntrospectionData(PropertyUtilsBean.java:2226)
	at org.apache.commons.beanutils.PropertyUtilsBean.getPropertyDescriptors(PropertyUtilsBean.java:1002)
	at org.apache.commons.beanutils.PropertyUtils.getPropertyDescriptors(PropertyUtils.java:518)
	at org.apache.commons.beanutils.PropertyUtilsTestCase.testCustomIntrospectionEx(PropertyUtilsTestCase.java:4527)
	at sun.reflect.NativeMethodAccessorImpl.invoke0(Native Method)
	at sun.reflect.NativeMethodAccessorImpl.invoke(NativeMethodAccessorImpl.java:62)
	at sun.reflect.DelegatingMethodAccessorImpl.invoke(DelegatingMethodAccessorImpl.java:43)
	at java.lang.reflect.Method.invoke(Method.java:498)
	at junit.framework.TestCase.runTest(TestCase.java:176)
	at junit.framework.TestCase.runBare(TestCase.java:141)
	at junit.framework.TestResult$1.protect(TestResult.java:122)
	at junit.framework.TestResult.runProtected(TestResult.java:142)
	at junit.framework.TestResult.run(TestResult.java:125)
	at junit.framework.TestCase.run(TestCase.java:129)
	at junit.framework.TestSuite.runTest(TestSuite.java:252)
	at junit.framework.TestSuite.run(TestSuite.java:247)
	at org.junit.internal.runners.JUnit38ClassRunner.run(JUnit38ClassRunner.java:86)
	at org.apache.maven.surefire.junit4.JUnit4Provider.execute(JUnit4Provider.java:367)
	at org.apache.maven.surefire.junit4.JUnit4Provider.executeWithRerun(JUnit4Provider.java:274)
	at org.apache.maven.surefire.junit4.JUnit4Provider.executeTestSet(JUnit4Provider.java:238)
	at org.apache.maven.surefire.junit4.JUnit4Provider.invoke(JUnit4Provider.java:161)
	at org.apache.maven.surefire.booter.ForkedBooter.invokeProviderInSameClassLoader(ForkedBooter.java:290)
	at org.apache.maven.surefire.booter.ForkedBooter.runSuitesInProcess(ForkedBooter.java:242)
	at org.apache.maven.surefire.booter.ForkedBooter.main(ForkedBooter.java:121)

